2025-04-24 13:45:54,436 - INFO - OUT инитится 1/3
2025-04-24 13:45:54,440 - ERROR - OUT Ошибка: Не удалось открыть выходной поток GStreamer
2025-04-24 13:45:54,440 - INFO - OUT инитится 2/3
2025-04-24 13:45:54,441 - INFO - OUT УСПЕШНО 3/3 заинитился
2025-04-24 13:45:54,441 - WARNING - OUT GStreamer VideoWriter не был инициализирован, повторная попытка...
2025-04-24 13:45:54,441 - ERROR - OUT Ошибка: Не удалось открыть выходной поток GStreamer
2025-04-24 13:45:55,442 - WARNING - OUT GStreamer VideoWriter не был инициализирован, повторная попытка...
2025-04-24 13:45:55,442 - ERROR - OUT Ошибка: Не удалось открыть выходной поток GStreamer
2025-04-24 13:45:56,442 - WARNING - OUT GStreamer VideoWriter не был инициализирован, повторная попытка...
2025-04-24 13:45:56,442 - ERROR - OUT Ошибка: Не удалось открыть выходной поток GStreamer
2025-04-24 13:45:57,442 - WARNING - OUT GStreamer VideoWriter не был инициализирован, повторная попытка...
2025-04-24 13:45:57,443 - ERROR - OUT Ошибка: Не удалось открыть выходной поток GStreamer
2025-04-24 13:45:58,444 - WARNING - OUT GStreamer VideoWriter не был инициализирован, повторная попытка...
2025-04-24 13:45:58,444 - ERROR - OUT Ошибка: Не удалось открыть выходной поток GStreamer
2025-04-24 13:45:59,445 - WARNING - OUT GStreamer VideoWriter не был инициализирован, повторная попытка...
2025-04-24 13:45:59,445 - ERROR - OUT Ошибка: Не удалось открыть выходной поток GStreamer
2025-04-24 13:46:00,446 - WARNING - OUT GStreamer VideoWriter не был инициализирован, повторная попытка...
2025-04-24 13:46:00,446 - ERROR - OUT Ошибка: Не удалось открыть выходной поток GStreamer
2025-04-24 13:46:01,446 - WARNING - OUT GStreamer VideoWriter не был инициализирован, повторная попытка...
2025-04-24 13:46:01,446 - ERROR - OUT Ошибка: Не удалось открыть выходной поток GStreamer
2025-04-24 13:46:02,275 - INFO - OUT Программа остановлена пользователем
2025-04-24 13:46:02,277 - INFO - OUT Ресурсы освобождены
