2025-04-24 13:35:22,745 - INFO - Проверка GStreamer
2025-04-24 13:35:22,767 - INFO - Плагин udpsrc доступен
2025-04-24 13:35:22,793 - INFO - Плагин rtpjpegdepay доступен
2025-04-24 13:35:22,813 - INFO - Плагин jpegdec доступен
2025-04-24 13:35:22,843 - INFO - Плагин videoconvert доступен
2025-04-24 13:35:22,864 - INFO - Плагин appsink доступен
2025-04-24 13:35:22,890 - INFO - Плагин appsrc доступен
2025-04-24 13:35:22,910 - INFO - Плагин jpegenc доступен
2025-04-24 13:35:22,933 - INFO - Плагин rtpjpegpay доступен
2025-04-24 13:35:22,933 - INFO - Инициализация GStreamer...
2025-04-24 13:35:22,933 - INFO - Входной pipeline: udpsrc port=5000 caps="application/x-rtp,media=(string)video,clock-rate=(int)90000,encoding-name=(string)JPEG,payload=(int)26" ! rtpjpegdepay ! jpegdec ! videoconvert ! appsink
2025-04-24 13:35:22,933 - INFO - Выходной pipeline: appsrc ! videoconvert ! jpegenc ! rtpjpegpay ! udpsink host=127.0.0.1 port=5001
2025-04-24 13:35:22,933 - ERROR - Ошибка: Не удалось открыть входной поток GStreamer
2025-04-24 13:35:22,933 - WARNING - Не удалось инициализировать потоки. Повторная попытка через 1 секунду...
2025-04-24 13:35:23,934 - INFO - Освобождение ресурсов...
2025-04-24 13:35:23,934 - INFO - Ресурсы освобождены
2025-04-24 13:35:23,934 - INFO - Повторная попытка подключения через 1 секунду...
2025-04-24 13:35:24,934 - ERROR - Ошибка: Не удалось открыть входной поток GStreamer
2025-04-24 13:35:24,934 - WARNING - Не удалось инициализировать потоки. Повторная попытка через 1 секунду...
2025-04-24 13:35:25,934 - INFO - Освобождение ресурсов...
2025-04-24 13:35:25,935 - INFO - Ресурсы освобождены
2025-04-24 13:35:25,935 - INFO - Повторная попытка подключения через 1 секунду...
2025-04-24 13:35:26,935 - ERROR - Ошибка: Не удалось открыть входной поток GStreamer
2025-04-24 13:35:26,935 - WARNING - Не удалось инициализировать потоки. Повторная попытка через 1 секунду...
2025-04-24 13:35:27,935 - INFO - Освобождение ресурсов...
2025-04-24 13:35:27,935 - INFO - Ресурсы освобождены
2025-04-24 13:35:27,935 - INFO - Повторная попытка подключения через 1 секунду...
2025-04-24 13:35:28,936 - ERROR - Ошибка: Не удалось открыть входной поток GStreamer
2025-04-24 13:35:28,936 - WARNING - Не удалось инициализировать потоки. Повторная попытка через 1 секунду...
2025-04-24 13:35:29,936 - INFO - Освобождение ресурсов...
2025-04-24 13:35:29,936 - INFO - Ресурсы освобождены
2025-04-24 13:35:29,936 - INFO - Повторная попытка подключения через 1 секунду...
2025-04-24 13:35:30,936 - ERROR - Ошибка: Не удалось открыть входной поток GStreamer
2025-04-24 13:35:30,936 - WARNING - Не удалось инициализировать потоки. Повторная попытка через 1 секунду...
2025-04-24 13:35:31,937 - INFO - Освобождение ресурсов...
2025-04-24 13:35:31,937 - INFO - Ресурсы освобождены
2025-04-24 13:35:31,937 - INFO - Повторная попытка подключения через 1 секунду...
2025-04-24 13:35:32,937 - ERROR - Ошибка: Не удалось открыть входной поток GStreamer
2025-04-24 13:35:32,937 - WARNING - Не удалось инициализировать потоки. Повторная попытка через 1 секунду...
2025-04-24 13:35:33,937 - INFO - Освобождение ресурсов...
2025-04-24 13:35:33,937 - INFO - Ресурсы освобождены
2025-04-24 13:35:33,937 - INFO - Повторная попытка подключения через 1 секунду...
2025-04-24 13:35:34,938 - ERROR - Ошибка: Не удалось открыть входной поток GStreamer
2025-04-24 13:35:34,938 - WARNING - Не удалось инициализировать потоки. Повторная попытка через 1 секунду...
2025-04-24 13:35:35,938 - INFO - Освобождение ресурсов...
2025-04-24 13:35:35,938 - INFO - Ресурсы освобождены
2025-04-24 13:35:35,938 - INFO - Повторная попытка подключения через 1 секунду...
2025-04-24 13:35:36,938 - ERROR - Ошибка: Не удалось открыть входной поток GStreamer
2025-04-24 13:35:36,938 - WARNING - Не удалось инициализировать потоки. Повторная попытка через 1 секунду...
2025-04-24 13:35:37,939 - INFO - Освобождение ресурсов...
2025-04-24 13:35:37,939 - INFO - Ресурсы освобождены
2025-04-24 13:35:37,983 - INFO - Повторная попытка подключения через 1 секунду...
2025-04-24 13:35:38,983 - ERROR - Ошибка: Не удалось открыть входной поток GStreamer
2025-04-24 13:35:38,983 - WARNING - Не удалось инициализировать потоки. Повторная попытка через 1 секунду...
2025-04-24 13:35:39,983 - INFO - Освобождение ресурсов...
2025-04-24 13:35:39,983 - INFO - Ресурсы освобождены
2025-04-24 13:35:39,983 - INFO - Повторная попытка подключения через 1 секунду...
2025-04-24 13:35:40,984 - ERROR - Ошибка: Не удалось открыть входной поток GStreamer
2025-04-24 13:35:40,984 - WARNING - Не удалось инициализировать потоки. Повторная попытка через 1 секунду...
2025-04-24 13:35:41,984 - INFO - Освобождение ресурсов...
2025-04-24 13:35:41,984 - INFO - Ресурсы освобождены
2025-04-24 13:35:41,984 - INFO - Повторная попытка подключения через 1 секунду...
2025-04-24 13:35:42,984 - ERROR - Ошибка: Не удалось открыть входной поток GStreamer
2025-04-24 13:35:42,985 - WARNING - Не удалось инициализировать потоки. Повторная попытка через 1 секунду...
2025-04-24 13:35:43,985 - INFO - Освобождение ресурсов...
2025-04-24 13:35:43,985 - INFO - Ресурсы освобождены
2025-04-24 13:35:43,985 - INFO - Повторная попытка подключения через 1 секунду...
2025-04-24 13:35:44,985 - ERROR - Ошибка: Не удалось открыть входной поток GStreamer
2025-04-24 13:35:44,985 - WARNING - Не удалось инициализировать потоки. Повторная попытка через 1 секунду...
2025-04-24 13:35:45,985 - INFO - Освобождение ресурсов...
2025-04-24 13:35:45,986 - INFO - Ресурсы освобождены
2025-04-24 13:35:45,986 - INFO - Повторная попытка подключения через 1 секунду...
2025-04-24 13:35:46,986 - ERROR - Ошибка: Не удалось открыть входной поток GStreamer
2025-04-24 13:35:46,986 - WARNING - Не удалось инициализировать потоки. Повторная попытка через 1 секунду...
2025-04-24 13:35:47,986 - INFO - Освобождение ресурсов...
2025-04-24 13:35:47,986 - INFO - Ресурсы освобождены
2025-04-24 13:35:47,986 - INFO - Повторная попытка подключения через 1 секунду...
2025-04-24 13:35:48,987 - ERROR - Ошибка: Не удалось открыть входной поток GStreamer
2025-04-24 13:35:48,987 - WARNING - Не удалось инициализировать потоки. Повторная попытка через 1 секунду...
2025-04-24 13:35:49,987 - INFO - Освобождение ресурсов...
2025-04-24 13:35:49,987 - INFO - Ресурсы освобождены
2025-04-24 13:35:49,987 - INFO - Повторная попытка подключения через 1 секунду...
2025-04-24 13:35:50,987 - ERROR - Ошибка: Не удалось открыть входной поток GStreamer
2025-04-24 13:35:50,987 - WARNING - Не удалось инициализировать потоки. Повторная попытка через 1 секунду...
2025-04-24 13:35:51,988 - INFO - Освобождение ресурсов...
2025-04-24 13:35:51,988 - INFO - Ресурсы освобождены
2025-04-24 13:35:51,988 - INFO - Повторная попытка подключения через 1 секунду...
2025-04-24 13:35:52,988 - ERROR - Ошибка: Не удалось открыть входной поток GStreamer
2025-04-24 13:35:52,988 - WARNING - Не удалось инициализировать потоки. Повторная попытка через 1 секунду...
2025-04-24 13:35:53,988 - INFO - Освобождение ресурсов...
2025-04-24 13:35:53,988 - INFO - Ресурсы освобождены
2025-04-24 13:35:53,988 - INFO - Повторная попытка подключения через 1 секунду...
2025-04-24 13:35:54,989 - ERROR - Ошибка: Не удалось открыть входной поток GStreamer
2025-04-24 13:35:54,989 - WARNING - Не удалось инициализировать потоки. Повторная попытка через 1 секунду...
2025-04-24 13:35:55,989 - INFO - Освобождение ресурсов...
2025-04-24 13:35:55,989 - INFO - Ресурсы освобождены
2025-04-24 13:35:55,989 - INFO - Повторная попытка подключения через 1 секунду...
2025-04-24 13:35:56,989 - ERROR - Ошибка: Не удалось открыть входной поток GStreamer
2025-04-24 13:35:56,989 - WARNING - Не удалось инициализировать потоки. Повторная попытка через 1 секунду...
2025-04-24 13:35:57,990 - INFO - Освобождение ресурсов...
2025-04-24 13:35:57,990 - INFO - Ресурсы освобождены
2025-04-24 13:35:57,990 - INFO - Повторная попытка подключения через 1 секунду...
2025-04-24 13:35:58,990 - ERROR - Ошибка: Не удалось открыть входной поток GStreamer
2025-04-24 13:35:58,990 - WARNING - Не удалось инициализировать потоки. Повторная попытка через 1 секунду...
2025-04-24 13:35:59,991 - INFO - Освобождение ресурсов...
2025-04-24 13:35:59,991 - INFO - Ресурсы освобождены
2025-04-24 13:35:59,991 - INFO - Повторная попытка подключения через 1 секунду...
2025-04-24 13:36:00,992 - ERROR - Ошибка: Не удалось открыть входной поток GStreamer
2025-04-24 13:36:00,992 - WARNING - Не удалось инициализировать потоки. Повторная попытка через 1 секунду...
2025-04-24 13:36:01,992 - INFO - Освобождение ресурсов...
2025-04-24 13:36:01,992 - INFO - Ресурсы освобождены
2025-04-24 13:36:01,992 - INFO - Повторная попытка подключения через 1 секунду...
2025-04-24 13:36:02,992 - ERROR - Ошибка: Не удалось открыть входной поток GStreamer
2025-04-24 13:36:02,993 - WARNING - Не удалось инициализировать потоки. Повторная попытка через 1 секунду...
2025-04-24 13:36:03,993 - INFO - Освобождение ресурсов...
2025-04-24 13:36:03,993 - INFO - Ресурсы освобождены
2025-04-24 13:36:03,993 - INFO - Повторная попытка подключения через 1 секунду...
2025-04-24 13:36:04,995 - ERROR - Ошибка: Не удалось открыть входной поток GStreamer
2025-04-24 13:36:04,995 - WARNING - Не удалось инициализировать потоки. Повторная попытка через 1 секунду...
2025-04-24 13:36:05,995 - INFO - Освобождение ресурсов...
2025-04-24 13:36:05,996 - INFO - Ресурсы освобождены
2025-04-24 13:36:05,996 - INFO - Повторная попытка подключения через 1 секунду...
2025-04-24 13:36:06,996 - ERROR - Ошибка: Не удалось открыть входной поток GStreamer
2025-04-24 13:36:06,996 - WARNING - Не удалось инициализировать потоки. Повторная попытка через 1 секунду...
2025-04-24 13:36:07,996 - INFO - Освобождение ресурсов...
2025-04-24 13:36:07,997 - INFO - Ресурсы освобождены
2025-04-24 13:36:07,997 - INFO - Повторная попытка подключения через 1 секунду...
2025-04-24 13:36:08,997 - ERROR - Ошибка: Не удалось открыть входной поток GStreamer
2025-04-24 13:36:08,997 - WARNING - Не удалось инициализировать потоки. Повторная попытка через 1 секунду...
2025-04-24 13:36:09,997 - INFO - Освобождение ресурсов...
2025-04-24 13:36:09,997 - INFO - Ресурсы освобождены
2025-04-24 13:36:09,999 - INFO - Повторная попытка подключения через 1 секунду...
2025-04-24 13:36:10,999 - ERROR - Ошибка: Не удалось открыть входной поток GStreamer
2025-04-24 13:36:10,999 - WARNING - Не удалось инициализировать потоки. Повторная попытка через 1 секунду...
2025-04-24 13:36:11,999 - INFO - Освобождение ресурсов...
2025-04-24 13:36:11,999 - INFO - Ресурсы освобождены
2025-04-24 13:36:11,999 - INFO - Повторная попытка подключения через 1 секунду...
2025-04-24 13:36:13,000 - ERROR - Ошибка: Не удалось открыть входной поток GStreamer
2025-04-24 13:36:13,000 - WARNING - Не удалось инициализировать потоки. Повторная попытка через 1 секунду...
2025-04-24 13:36:14,000 - INFO - Освобождение ресурсов...
2025-04-24 13:36:14,000 - INFO - Ресурсы освобождены
2025-04-24 13:36:14,000 - INFO - Повторная попытка подключения через 1 секунду...
2025-04-24 13:36:15,001 - ERROR - Ошибка: Не удалось открыть входной поток GStreamer
2025-04-24 13:36:15,001 - WARNING - Не удалось инициализировать потоки. Повторная попытка через 1 секунду...
2025-04-24 13:36:16,002 - INFO - Освобождение ресурсов...
2025-04-24 13:36:16,002 - INFO - Ресурсы освобождены
2025-04-24 13:36:16,002 - INFO - Повторная попытка подключения через 1 секунду...
2025-04-24 13:36:17,003 - ERROR - Ошибка: Не удалось открыть входной поток GStreamer
2025-04-24 13:36:17,003 - WARNING - Не удалось инициализировать потоки. Повторная попытка через 1 секунду...
2025-04-24 13:36:18,003 - INFO - Освобождение ресурсов...
2025-04-24 13:36:18,003 - INFO - Ресурсы освобождены
2025-04-24 13:36:18,003 - INFO - Повторная попытка подключения через 1 секунду...
2025-04-24 13:36:19,003 - ERROR - Ошибка: Не удалось открыть входной поток GStreamer
2025-04-24 13:36:19,004 - WARNING - Не удалось инициализировать потоки. Повторная попытка через 1 секунду...
2025-04-24 13:36:20,004 - INFO - Освобождение ресурсов...
2025-04-24 13:36:20,004 - INFO - Ресурсы освобождены
2025-04-24 13:36:20,004 - INFO - Повторная попытка подключения через 1 секунду...
2025-04-24 13:36:21,004 - ERROR - Ошибка: Не удалось открыть входной поток GStreamer
2025-04-24 13:36:21,004 - WARNING - Не удалось инициализировать потоки. Повторная попытка через 1 секунду...
2025-04-24 13:36:22,004 - INFO - Освобождение ресурсов...
2025-04-24 13:36:22,005 - INFO - Ресурсы освобождены
2025-04-24 13:36:22,005 - INFO - Повторная попытка подключения через 1 секунду...
2025-04-24 13:36:23,005 - ERROR - Ошибка: Не удалось открыть входной поток GStreamer
2025-04-24 13:36:23,005 - WARNING - Не удалось инициализировать потоки. Повторная попытка через 1 секунду...
2025-04-24 13:36:24,005 - INFO - Освобождение ресурсов...
2025-04-24 13:36:24,005 - INFO - Ресурсы освобождены
2025-04-24 13:36:24,005 - INFO - Повторная попытка подключения через 1 секунду...
2025-04-24 13:36:25,005 - ERROR - Ошибка: Не удалось открыть входной поток GStreamer
2025-04-24 13:36:25,006 - WARNING - Не удалось инициализировать потоки. Повторная попытка через 1 секунду...
2025-04-24 13:36:26,006 - INFO - Освобождение ресурсов...
2025-04-24 13:36:26,006 - INFO - Ресурсы освобождены
2025-04-24 13:36:26,006 - INFO - Повторная попытка подключения через 1 секунду...
2025-04-24 13:36:27,006 - ERROR - Ошибка: Не удалось открыть входной поток GStreamer
2025-04-24 13:36:27,006 - WARNING - Не удалось инициализировать потоки. Повторная попытка через 1 секунду...
2025-04-24 13:36:28,007 - INFO - Освобождение ресурсов...
2025-04-24 13:36:28,007 - INFO - Ресурсы освобождены
2025-04-24 13:36:28,007 - INFO - Повторная попытка подключения через 1 секунду...
2025-04-24 13:36:29,007 - ERROR - Ошибка: Не удалось открыть входной поток GStreamer
2025-04-24 13:36:29,007 - WARNING - Не удалось инициализировать потоки. Повторная попытка через 1 секунду...
2025-04-24 13:36:30,007 - INFO - Освобождение ресурсов...
2025-04-24 13:36:30,007 - INFO - Ресурсы освобождены
2025-04-24 13:36:30,007 - INFO - Повторная попытка подключения через 1 секунду...
2025-04-24 13:36:31,008 - ERROR - Ошибка: Не удалось открыть входной поток GStreamer
2025-04-24 13:36:31,008 - WARNING - Не удалось инициализировать потоки. Повторная попытка через 1 секунду...
2025-04-24 13:36:32,008 - INFO - Освобождение ресурсов...
2025-04-24 13:36:32,008 - INFO - Ресурсы освобождены
2025-04-24 13:36:32,008 - INFO - Повторная попытка подключения через 1 секунду...
2025-04-24 13:36:33,008 - ERROR - Ошибка: Не удалось открыть входной поток GStreamer
2025-04-24 13:36:33,008 - WARNING - Не удалось инициализировать потоки. Повторная попытка через 1 секунду...
2025-04-24 13:36:34,009 - INFO - Освобождение ресурсов...
2025-04-24 13:36:34,009 - INFO - Ресурсы освобождены
2025-04-24 13:36:34,009 - INFO - Повторная попытка подключения через 1 секунду...
2025-04-24 13:36:35,009 - ERROR - Ошибка: Не удалось открыть входной поток GStreamer
2025-04-24 13:36:35,009 - WARNING - Не удалось инициализировать потоки. Повторная попытка через 1 секунду...
2025-04-24 13:36:36,009 - INFO - Освобождение ресурсов...
2025-04-24 13:36:36,010 - INFO - Ресурсы освобождены
2025-04-24 13:36:36,010 - INFO - Повторная попытка подключения через 1 секунду...
2025-04-24 13:36:37,010 - ERROR - Ошибка: Не удалось открыть входной поток GStreamer
2025-04-24 13:36:37,010 - WARNING - Не удалось инициализировать потоки. Повторная попытка через 1 секунду...
2025-04-24 13:36:38,010 - INFO - Освобождение ресурсов...
2025-04-24 13:36:38,010 - INFO - Ресурсы освобождены
2025-04-24 13:36:38,010 - INFO - Повторная попытка подключения через 1 секунду...
2025-04-24 13:36:39,010 - ERROR - Ошибка: Не удалось открыть входной поток GStreamer
2025-04-24 13:36:39,011 - WARNING - Не удалось инициализировать потоки. Повторная попытка через 1 секунду...
2025-04-24 13:36:40,011 - INFO - Освобождение ресурсов...
2025-04-24 13:36:40,011 - INFO - Ресурсы освобождены
2025-04-24 13:36:40,011 - INFO - Повторная попытка подключения через 1 секунду...
2025-04-24 13:36:41,011 - ERROR - Ошибка: Не удалось открыть входной поток GStreamer
2025-04-24 13:36:41,011 - WARNING - Не удалось инициализировать потоки. Повторная попытка через 1 секунду...
2025-04-24 13:36:42,011 - INFO - Освобождение ресурсов...
2025-04-24 13:36:42,012 - INFO - Ресурсы освобождены
2025-04-24 13:36:42,012 - INFO - Повторная попытка подключения через 1 секунду...
2025-04-24 13:36:43,012 - ERROR - Ошибка: Не удалось открыть входной поток GStreamer
2025-04-24 13:36:43,012 - WARNING - Не удалось инициализировать потоки. Повторная попытка через 1 секунду...
2025-04-24 13:36:44,012 - INFO - Освобождение ресурсов...
2025-04-24 13:36:44,013 - INFO - Ресурсы освобождены
2025-04-24 13:36:44,013 - INFO - Повторная попытка подключения через 1 секунду...
2025-04-24 13:36:45,013 - ERROR - Ошибка: Не удалось открыть входной поток GStreamer
2025-04-24 13:36:45,013 - WARNING - Не удалось инициализировать потоки. Повторная попытка через 1 секунду...
2025-04-24 13:36:46,013 - INFO - Освобождение ресурсов...
2025-04-24 13:36:46,013 - INFO - Ресурсы освобождены
2025-04-24 13:36:46,013 - INFO - Повторная попытка подключения через 1 секунду...
2025-04-24 13:36:47,013 - ERROR - Ошибка: Не удалось открыть входной поток GStreamer
2025-04-24 13:36:47,014 - WARNING - Не удалось инициализировать потоки. Повторная попытка через 1 секунду...
2025-04-24 13:36:48,014 - INFO - Освобождение ресурсов...
2025-04-24 13:36:48,014 - INFO - Ресурсы освобождены
2025-04-24 13:36:48,014 - INFO - Повторная попытка подключения через 1 секунду...
2025-04-24 13:36:49,014 - ERROR - Ошибка: Не удалось открыть входной поток GStreamer
2025-04-24 13:36:49,014 - WARNING - Не удалось инициализировать потоки. Повторная попытка через 1 секунду...
2025-04-24 13:36:50,014 - INFO - Освобождение ресурсов...
2025-04-24 13:36:50,015 - INFO - Ресурсы освобождены
2025-04-24 13:36:50,015 - INFO - Повторная попытка подключения через 1 секунду...
2025-04-24 13:36:51,015 - ERROR - Ошибка: Не удалось открыть входной поток GStreamer
2025-04-24 13:36:51,015 - WARNING - Не удалось инициализировать потоки. Повторная попытка через 1 секунду...
2025-04-24 13:36:52,015 - INFO - Освобождение ресурсов...
2025-04-24 13:36:52,015 - INFO - Ресурсы освобождены
2025-04-24 13:36:52,015 - INFO - Повторная попытка подключения через 1 секунду...
2025-04-24 13:36:53,016 - ERROR - Ошибка: Не удалось открыть входной поток GStreamer
2025-04-24 13:36:53,016 - WARNING - Не удалось инициализировать потоки. Повторная попытка через 1 секунду...
2025-04-24 13:36:54,016 - INFO - Освобождение ресурсов...
2025-04-24 13:36:54,016 - INFO - Ресурсы освобождены
2025-04-24 13:36:54,016 - INFO - Повторная попытка подключения через 1 секунду...
2025-04-24 13:36:55,016 - ERROR - Ошибка: Не удалось открыть входной поток GStreamer
2025-04-24 13:36:55,016 - WARNING - Не удалось инициализировать потоки. Повторная попытка через 1 секунду...
2025-04-24 13:36:56,017 - INFO - Освобождение ресурсов...
2025-04-24 13:36:56,017 - INFO - Ресурсы освобождены
2025-04-24 13:36:56,017 - INFO - Повторная попытка подключения через 1 секунду...
2025-04-24 13:36:57,017 - ERROR - Ошибка: Не удалось открыть входной поток GStreamer
2025-04-24 13:36:57,017 - WARNING - Не удалось инициализировать потоки. Повторная попытка через 1 секунду...
2025-04-24 13:36:58,017 - INFO - Освобождение ресурсов...
2025-04-24 13:36:58,017 - INFO - Ресурсы освобождены
2025-04-24 13:36:58,017 - INFO - Повторная попытка подключения через 1 секунду...
2025-04-24 13:36:59,018 - ERROR - Ошибка: Не удалось открыть входной поток GStreamer
2025-04-24 13:36:59,018 - WARNING - Не удалось инициализировать потоки. Повторная попытка через 1 секунду...
2025-04-24 13:37:00,019 - INFO - Освобождение ресурсов...
2025-04-24 13:37:00,019 - INFO - Ресурсы освобождены
2025-04-24 13:37:00,019 - INFO - Повторная попытка подключения через 1 секунду...
2025-04-24 13:37:01,019 - ERROR - Ошибка: Не удалось открыть входной поток GStreamer
2025-04-24 13:37:01,019 - WARNING - Не удалось инициализировать потоки. Повторная попытка через 1 секунду...
2025-04-24 13:37:02,020 - INFO - Освобождение ресурсов...
2025-04-24 13:37:02,020 - INFO - Ресурсы освобождены
2025-04-24 13:37:02,020 - INFO - Повторная попытка подключения через 1 секунду...
2025-04-24 13:37:03,020 - ERROR - Ошибка: Не удалось открыть входной поток GStreamer
2025-04-24 13:37:03,020 - WARNING - Не удалось инициализировать потоки. Повторная попытка через 1 секунду...
2025-04-24 13:37:04,020 - INFO - Освобождение ресурсов...
2025-04-24 13:37:04,020 - INFO - Ресурсы освобождены
2025-04-24 13:37:04,021 - INFO - Повторная попытка подключения через 1 секунду...
2025-04-24 13:37:05,021 - ERROR - Ошибка: Не удалось открыть входной поток GStreamer
2025-04-24 13:37:05,021 - WARNING - Не удалось инициализировать потоки. Повторная попытка через 1 секунду...
2025-04-24 13:37:06,021 - INFO - Освобождение ресурсов...
2025-04-24 13:37:06,021 - INFO - Ресурсы освобождены
2025-04-24 13:37:06,021 - INFO - Повторная попытка подключения через 1 секунду...
2025-04-24 13:37:07,021 - ERROR - Ошибка: Не удалось открыть входной поток GStreamer
2025-04-24 13:37:07,022 - WARNING - Не удалось инициализировать потоки. Повторная попытка через 1 секунду...
2025-04-24 13:37:08,022 - INFO - Освобождение ресурсов...
2025-04-24 13:37:08,022 - INFO - Ресурсы освобождены
2025-04-24 13:37:08,023 - INFO - Повторная попытка подключения через 1 секунду...
2025-04-24 13:37:09,023 - ERROR - Ошибка: Не удалось открыть входной поток GStreamer
2025-04-24 13:37:09,024 - WARNING - Не удалось инициализировать потоки. Повторная попытка через 1 секунду...
2025-04-24 13:37:10,024 - INFO - Освобождение ресурсов...
2025-04-24 13:37:10,024 - INFO - Ресурсы освобождены
2025-04-24 13:37:10,024 - INFO - Повторная попытка подключения через 1 секунду...
2025-04-24 13:37:11,024 - ERROR - Ошибка: Не удалось открыть входной поток GStreamer
2025-04-24 13:37:11,025 - WARNING - Не удалось инициализировать потоки. Повторная попытка через 1 секунду...
2025-04-24 13:37:12,025 - INFO - Освобождение ресурсов...
2025-04-24 13:37:12,025 - INFO - Ресурсы освобождены
2025-04-24 13:37:12,025 - INFO - Повторная попытка подключения через 1 секунду...
2025-04-24 13:37:13,025 - ERROR - Ошибка: Не удалось открыть входной поток GStreamer
2025-04-24 13:37:13,025 - WARNING - Не удалось инициализировать потоки. Повторная попытка через 1 секунду...
2025-04-24 13:37:14,026 - INFO - Освобождение ресурсов...
2025-04-24 13:37:14,026 - INFO - Ресурсы освобождены
2025-04-24 13:37:14,027 - INFO - Повторная попытка подключения через 1 секунду...
2025-04-24 13:37:15,027 - ERROR - Ошибка: Не удалось открыть входной поток GStreamer
2025-04-24 13:37:15,027 - WARNING - Не удалось инициализировать потоки. Повторная попытка через 1 секунду...
2025-04-24 13:37:16,027 - INFO - Освобождение ресурсов...
2025-04-24 13:37:16,027 - INFO - Ресурсы освобождены
2025-04-24 13:37:16,028 - INFO - Повторная попытка подключения через 1 секунду...
2025-04-24 13:37:17,028 - ERROR - Ошибка: Не удалось открыть входной поток GStreamer
2025-04-24 13:37:17,028 - WARNING - Не удалось инициализировать потоки. Повторная попытка через 1 секунду...
2025-04-24 13:37:18,028 - INFO - Освобождение ресурсов...
2025-04-24 13:37:18,028 - INFO - Ресурсы освобождены
2025-04-24 13:37:18,028 - INFO - Повторная попытка подключения через 1 секунду...
2025-04-24 13:37:19,028 - ERROR - Ошибка: Не удалось открыть входной поток GStreamer
2025-04-24 13:37:19,029 - WARNING - Не удалось инициализировать потоки. Повторная попытка через 1 секунду...
2025-04-24 13:37:20,030 - INFO - Освобождение ресурсов...
2025-04-24 13:37:20,030 - INFO - Ресурсы освобождены
2025-04-24 13:37:20,030 - INFO - Повторная попытка подключения через 1 секунду...
2025-04-24 13:37:21,030 - ERROR - Ошибка: Не удалось открыть входной поток GStreamer
2025-04-24 13:37:21,030 - WARNING - Не удалось инициализировать потоки. Повторная попытка через 1 секунду...
2025-04-24 13:37:22,030 - INFO - Освобождение ресурсов...
2025-04-24 13:37:22,031 - INFO - Ресурсы освобождены
2025-04-24 13:37:22,031 - INFO - Повторная попытка подключения через 1 секунду...
2025-04-24 13:37:23,031 - ERROR - Ошибка: Не удалось открыть входной поток GStreamer
2025-04-24 13:37:23,031 - WARNING - Не удалось инициализировать потоки. Повторная попытка через 1 секунду...
2025-04-24 13:37:24,031 - INFO - Освобождение ресурсов...
2025-04-24 13:37:24,031 - INFO - Ресурсы освобождены
2025-04-24 13:37:24,075 - INFO - Повторная попытка подключения через 1 секунду...
2025-04-24 13:37:25,075 - ERROR - Ошибка: Не удалось открыть входной поток GStreamer
2025-04-24 13:37:25,075 - WARNING - Не удалось инициализировать потоки. Повторная попытка через 1 секунду...
2025-04-24 13:37:26,076 - INFO - Освобождение ресурсов...
2025-04-24 13:37:26,076 - INFO - Ресурсы освобождены
2025-04-24 13:37:26,076 - INFO - Повторная попытка подключения через 1 секунду...
2025-04-24 13:37:27,076 - ERROR - Ошибка: Не удалось открыть входной поток GStreamer
2025-04-24 13:37:27,076 - WARNING - Не удалось инициализировать потоки. Повторная попытка через 1 секунду...
2025-04-24 13:37:28,076 - INFO - Освобождение ресурсов...
2025-04-24 13:37:28,076 - INFO - Ресурсы освобождены
2025-04-24 13:37:28,076 - INFO - Повторная попытка подключения через 1 секунду...
2025-04-24 13:37:29,077 - ERROR - Ошибка: Не удалось открыть входной поток GStreamer
2025-04-24 13:37:29,077 - WARNING - Не удалось инициализировать потоки. Повторная попытка через 1 секунду...
2025-04-24 13:37:30,077 - INFO - Освобождение ресурсов...
2025-04-24 13:37:30,077 - INFO - Ресурсы освобождены
2025-04-24 13:37:30,077 - INFO - Повторная попытка подключения через 1 секунду...
2025-04-24 13:37:31,077 - ERROR - Ошибка: Не удалось открыть входной поток GStreamer
2025-04-24 13:37:31,077 - WARNING - Не удалось инициализировать потоки. Повторная попытка через 1 секунду...
2025-04-24 13:37:32,078 - INFO - Освобождение ресурсов...
2025-04-24 13:37:32,078 - INFO - Ресурсы освобождены
2025-04-24 13:37:32,078 - INFO - Повторная попытка подключения через 1 секунду...
2025-04-24 13:37:33,078 - ERROR - Ошибка: Не удалось открыть входной поток GStreamer
2025-04-24 13:37:33,078 - WARNING - Не удалось инициализировать потоки. Повторная попытка через 1 секунду...
2025-04-24 13:37:34,078 - INFO - Освобождение ресурсов...
2025-04-24 13:37:34,078 - INFO - Ресурсы освобождены
2025-04-24 13:37:34,078 - INFO - Повторная попытка подключения через 1 секунду...
2025-04-24 13:37:35,079 - ERROR - Ошибка: Не удалось открыть входной поток GStreamer
2025-04-24 13:37:35,079 - WARNING - Не удалось инициализировать потоки. Повторная попытка через 1 секунду...
2025-04-24 13:37:36,079 - INFO - Освобождение ресурсов...
2025-04-24 13:37:36,079 - INFO - Ресурсы освобождены
2025-04-24 13:37:36,079 - INFO - Повторная попытка подключения через 1 секунду...
2025-04-24 13:37:37,079 - ERROR - Ошибка: Не удалось открыть входной поток GStreamer
2025-04-24 13:37:37,079 - WARNING - Не удалось инициализировать потоки. Повторная попытка через 1 секунду...
2025-04-24 13:37:38,079 - INFO - Освобождение ресурсов...
2025-04-24 13:37:38,080 - INFO - Ресурсы освобождены
2025-04-24 13:37:38,081 - INFO - Повторная попытка подключения через 1 секунду...
2025-04-24 13:37:39,081 - ERROR - Ошибка: Не удалось открыть входной поток GStreamer
2025-04-24 13:37:39,081 - WARNING - Не удалось инициализировать потоки. Повторная попытка через 1 секунду...
2025-04-24 13:37:40,081 - INFO - Освобождение ресурсов...
2025-04-24 13:37:40,081 - INFO - Ресурсы освобождены
2025-04-24 13:37:40,081 - INFO - Повторная попытка подключения через 1 секунду...
2025-04-24 13:37:41,082 - ERROR - Ошибка: Не удалось открыть входной поток GStreamer
2025-04-24 13:37:41,082 - WARNING - Не удалось инициализировать потоки. Повторная попытка через 1 секунду...
2025-04-24 13:37:42,082 - INFO - Освобождение ресурсов...
2025-04-24 13:37:42,082 - INFO - Ресурсы освобождены
2025-04-24 13:37:42,082 - INFO - Повторная попытка подключения через 1 секунду...
2025-04-24 13:37:43,082 - ERROR - Ошибка: Не удалось открыть входной поток GStreamer
2025-04-24 13:37:43,083 - WARNING - Не удалось инициализировать потоки. Повторная попытка через 1 секунду...
2025-04-24 13:37:44,083 - INFO - Освобождение ресурсов...
2025-04-24 13:37:44,083 - INFO - Ресурсы освобождены
2025-04-24 13:37:44,083 - INFO - Повторная попытка подключения через 1 секунду...
2025-04-24 13:37:45,083 - ERROR - Ошибка: Не удалось открыть входной поток GStreamer
2025-04-24 13:37:45,083 - WARNING - Не удалось инициализировать потоки. Повторная попытка через 1 секунду...
2025-04-24 13:37:46,084 - INFO - Освобождение ресурсов...
2025-04-24 13:37:46,084 - INFO - Ресурсы освобождены
2025-04-24 13:37:46,084 - INFO - Повторная попытка подключения через 1 секунду...
2025-04-24 13:37:47,084 - ERROR - Ошибка: Не удалось открыть входной поток GStreamer
2025-04-24 13:37:47,084 - WARNING - Не удалось инициализировать потоки. Повторная попытка через 1 секунду...
2025-04-24 13:37:48,085 - INFO - Освобождение ресурсов...
2025-04-24 13:37:48,085 - INFO - Ресурсы освобождены
2025-04-24 13:37:48,085 - INFO - Повторная попытка подключения через 1 секунду...
2025-04-24 13:37:49,085 - ERROR - Ошибка: Не удалось открыть входной поток GStreamer
2025-04-24 13:37:49,086 - WARNING - Не удалось инициализировать потоки. Повторная попытка через 1 секунду...
2025-04-24 13:37:50,086 - INFO - Освобождение ресурсов...
2025-04-24 13:37:50,086 - INFO - Ресурсы освобождены
2025-04-24 13:37:50,086 - INFO - Повторная попытка подключения через 1 секунду...
2025-04-24 13:37:51,086 - ERROR - Ошибка: Не удалось открыть входной поток GStreamer
2025-04-24 13:37:51,086 - WARNING - Не удалось инициализировать потоки. Повторная попытка через 1 секунду...
2025-04-24 13:37:52,087 - INFO - Освобождение ресурсов...
2025-04-24 13:37:52,087 - INFO - Ресурсы освобождены
2025-04-24 13:37:52,087 - INFO - Повторная попытка подключения через 1 секунду...
2025-04-24 13:37:53,087 - ERROR - Ошибка: Не удалось открыть входной поток GStreamer
2025-04-24 13:37:53,087 - WARNING - Не удалось инициализировать потоки. Повторная попытка через 1 секунду...
2025-04-24 13:37:54,088 - INFO - Освобождение ресурсов...
2025-04-24 13:37:54,088 - INFO - Ресурсы освобождены
2025-04-24 13:37:54,088 - INFO - Повторная попытка подключения через 1 секунду...
2025-04-24 13:37:55,089 - ERROR - Ошибка: Не удалось открыть входной поток GStreamer
2025-04-24 13:37:55,089 - WARNING - Не удалось инициализировать потоки. Повторная попытка через 1 секунду...
2025-04-24 13:37:56,090 - INFO - Освобождение ресурсов...
2025-04-24 13:37:56,090 - INFO - Ресурсы освобождены
2025-04-24 13:37:56,090 - INFO - Повторная попытка подключения через 1 секунду...
2025-04-24 13:37:57,091 - ERROR - Ошибка: Не удалось открыть входной поток GStreamer
2025-04-24 13:37:57,091 - WARNING - Не удалось инициализировать потоки. Повторная попытка через 1 секунду...
2025-04-24 13:37:58,091 - INFO - Освобождение ресурсов...
2025-04-24 13:37:58,091 - INFO - Ресурсы освобождены
2025-04-24 13:37:58,092 - INFO - Повторная попытка подключения через 1 секунду...
2025-04-24 13:37:59,092 - ERROR - Ошибка: Не удалось открыть входной поток GStreamer
2025-04-24 13:37:59,093 - WARNING - Не удалось инициализировать потоки. Повторная попытка через 1 секунду...
2025-04-24 13:38:00,093 - INFO - Освобождение ресурсов...
2025-04-24 13:38:00,094 - INFO - Ресурсы освобождены
2025-04-24 13:38:00,094 - INFO - Повторная попытка подключения через 1 секунду...
2025-04-24 13:38:01,094 - ERROR - Ошибка: Не удалось открыть входной поток GStreamer
2025-04-24 13:38:01,095 - WARNING - Не удалось инициализировать потоки. Повторная попытка через 1 секунду...
2025-04-24 13:38:02,095 - INFO - Освобождение ресурсов...
2025-04-24 13:38:02,096 - INFO - Ресурсы освобождены
2025-04-24 13:38:02,096 - INFO - Повторная попытка подключения через 1 секунду...
2025-04-24 13:38:03,097 - ERROR - Ошибка: Не удалось открыть входной поток GStreamer
2025-04-24 13:38:03,097 - WARNING - Не удалось инициализировать потоки. Повторная попытка через 1 секунду...
2025-04-24 13:38:04,098 - INFO - Освобождение ресурсов...
2025-04-24 13:38:04,098 - INFO - Ресурсы освобождены
2025-04-24 13:38:04,098 - INFO - Повторная попытка подключения через 1 секунду...
2025-04-24 13:38:05,098 - ERROR - Ошибка: Не удалось открыть входной поток GStreamer
2025-04-24 13:38:05,098 - WARNING - Не удалось инициализировать потоки. Повторная попытка через 1 секунду...
2025-04-24 13:38:06,099 - INFO - Освобождение ресурсов...
2025-04-24 13:38:06,099 - INFO - Ресурсы освобождены
2025-04-24 13:38:06,099 - INFO - Повторная попытка подключения через 1 секунду...
2025-04-24 13:38:07,099 - ERROR - Ошибка: Не удалось открыть входной поток GStreamer
2025-04-24 13:38:07,099 - WARNING - Не удалось инициализировать потоки. Повторная попытка через 1 секунду...
2025-04-24 13:38:08,101 - INFO - Освобождение ресурсов...
2025-04-24 13:38:08,101 - INFO - Ресурсы освобождены
2025-04-24 13:38:08,101 - INFO - Повторная попытка подключения через 1 секунду...
2025-04-24 13:38:09,102 - ERROR - Ошибка: Не удалось открыть входной поток GStreamer
2025-04-24 13:38:09,102 - WARNING - Не удалось инициализировать потоки. Повторная попытка через 1 секунду...
2025-04-24 13:38:10,102 - INFO - Освобождение ресурсов...
2025-04-24 13:38:10,105 - INFO - Ресурсы освобождены
2025-04-24 13:38:10,105 - INFO - Повторная попытка подключения через 1 секунду...
2025-04-24 13:38:11,105 - ERROR - Ошибка: Не удалось открыть входной поток GStreamer
2025-04-24 13:38:11,106 - WARNING - Не удалось инициализировать потоки. Повторная попытка через 1 секунду...
2025-04-24 13:38:12,107 - INFO - Освобождение ресурсов...
2025-04-24 13:38:12,107 - INFO - Ресурсы освобождены
2025-04-24 13:38:12,108 - INFO - Повторная попытка подключения через 1 секунду...
2025-04-24 13:38:13,109 - ERROR - Ошибка: Не удалось открыть входной поток GStreamer
2025-04-24 13:38:13,109 - WARNING - Не удалось инициализировать потоки. Повторная попытка через 1 секунду...
2025-04-24 13:38:14,110 - INFO - Освобождение ресурсов...
2025-04-24 13:38:14,111 - INFO - Ресурсы освобождены
2025-04-24 13:38:14,111 - INFO - Повторная попытка подключения через 1 секунду...
2025-04-24 13:38:15,112 - ERROR - Ошибка: Не удалось открыть входной поток GStreamer
2025-04-24 13:38:15,112 - WARNING - Не удалось инициализировать потоки. Повторная попытка через 1 секунду...
2025-04-24 13:38:16,113 - INFO - Освобождение ресурсов...
2025-04-24 13:38:16,113 - INFO - Ресурсы освобождены
2025-04-24 13:38:16,113 - INFO - Повторная попытка подключения через 1 секунду...
2025-04-24 13:38:17,113 - ERROR - Ошибка: Не удалось открыть входной поток GStreamer
2025-04-24 13:38:17,113 - WARNING - Не удалось инициализировать потоки. Повторная попытка через 1 секунду...
2025-04-24 13:38:18,115 - INFO - Освобождение ресурсов...
2025-04-24 13:38:18,115 - INFO - Ресурсы освобождены
2025-04-24 13:38:18,115 - INFO - Повторная попытка подключения через 1 секунду...
2025-04-24 13:38:19,116 - ERROR - Ошибка: Не удалось открыть входной поток GStreamer
2025-04-24 13:38:19,116 - WARNING - Не удалось инициализировать потоки. Повторная попытка через 1 секунду...
2025-04-24 13:38:20,117 - INFO - Освобождение ресурсов...
2025-04-24 13:38:20,117 - INFO - Ресурсы освобождены
2025-04-24 13:38:20,117 - INFO - Повторная попытка подключения через 1 секунду...
2025-04-24 13:38:21,118 - ERROR - Ошибка: Не удалось открыть входной поток GStreamer
2025-04-24 13:38:21,118 - WARNING - Не удалось инициализировать потоки. Повторная попытка через 1 секунду...
2025-04-24 13:38:22,119 - INFO - Освобождение ресурсов...
2025-04-24 13:38:22,119 - INFO - Ресурсы освобождены
2025-04-24 13:38:22,120 - INFO - Повторная попытка подключения через 1 секунду...
2025-04-24 13:38:23,120 - ERROR - Ошибка: Не удалось открыть входной поток GStreamer
2025-04-24 13:38:23,121 - WARNING - Не удалось инициализировать потоки. Повторная попытка через 1 секунду...
2025-04-24 13:38:24,121 - INFO - Освобождение ресурсов...
2025-04-24 13:38:24,121 - INFO - Ресурсы освобождены
2025-04-24 13:38:24,122 - INFO - Повторная попытка подключения через 1 секунду...
2025-04-24 13:38:25,122 - ERROR - Ошибка: Не удалось открыть входной поток GStreamer
2025-04-24 13:38:25,122 - WARNING - Не удалось инициализировать потоки. Повторная попытка через 1 секунду...
2025-04-24 13:38:26,122 - INFO - Освобождение ресурсов...
2025-04-24 13:38:26,123 - INFO - Ресурсы освобождены
2025-04-24 13:38:26,123 - INFO - Повторная попытка подключения через 1 секунду...
2025-04-24 13:38:27,124 - ERROR - Ошибка: Не удалось открыть входной поток GStreamer
2025-04-24 13:38:27,124 - WARNING - Не удалось инициализировать потоки. Повторная попытка через 1 секунду...
2025-04-24 13:38:28,125 - INFO - Освобождение ресурсов...
2025-04-24 13:38:28,126 - INFO - Ресурсы освобождены
2025-04-24 13:38:28,126 - INFO - Повторная попытка подключения через 1 секунду...
2025-04-24 13:38:29,127 - ERROR - Ошибка: Не удалось открыть входной поток GStreamer
2025-04-24 13:38:29,127 - WARNING - Не удалось инициализировать потоки. Повторная попытка через 1 секунду...
2025-04-24 13:38:30,128 - INFO - Освобождение ресурсов...
2025-04-24 13:38:30,128 - INFO - Ресурсы освобождены
2025-04-24 13:38:30,128 - INFO - Повторная попытка подключения через 1 секунду...
2025-04-24 13:38:31,129 - ERROR - Ошибка: Не удалось открыть входной поток GStreamer
2025-04-24 13:38:31,129 - WARNING - Не удалось инициализировать потоки. Повторная попытка через 1 секунду...
2025-04-24 13:38:32,130 - INFO - Освобождение ресурсов...
2025-04-24 13:38:32,130 - INFO - Ресурсы освобождены
2025-04-24 13:38:32,131 - INFO - Повторная попытка подключения через 1 секунду...
2025-04-24 13:38:33,131 - ERROR - Ошибка: Не удалось открыть входной поток GStreamer
2025-04-24 13:38:33,131 - WARNING - Не удалось инициализировать потоки. Повторная попытка через 1 секунду...
2025-04-24 13:38:34,131 - INFO - Освобождение ресурсов...
2025-04-24 13:38:34,132 - INFO - Ресурсы освобождены
2025-04-24 13:38:34,132 - INFO - Повторная попытка подключения через 1 секунду...
2025-04-24 13:38:35,133 - ERROR - Ошибка: Не удалось открыть входной поток GStreamer
2025-04-24 13:38:35,133 - WARNING - Не удалось инициализировать потоки. Повторная попытка через 1 секунду...
2025-04-24 13:38:36,133 - INFO - Освобождение ресурсов...
2025-04-24 13:38:36,133 - INFO - Ресурсы освобождены
2025-04-24 13:38:36,134 - INFO - Повторная попытка подключения через 1 секунду...
2025-04-24 13:38:37,134 - ERROR - Ошибка: Не удалось открыть входной поток GStreamer
2025-04-24 13:38:37,134 - WARNING - Не удалось инициализировать потоки. Повторная попытка через 1 секунду...
2025-04-24 13:38:38,134 - INFO - Освобождение ресурсов...
2025-04-24 13:38:38,135 - INFO - Ресурсы освобождены
2025-04-24 13:38:38,135 - INFO - Повторная попытка подключения через 1 секунду...
2025-04-24 13:38:39,136 - ERROR - Ошибка: Не удалось открыть входной поток GStreamer
2025-04-24 13:38:39,136 - WARNING - Не удалось инициализировать потоки. Повторная попытка через 1 секунду...
2025-04-24 13:38:40,136 - INFO - Освобождение ресурсов...
2025-04-24 13:38:40,137 - INFO - Ресурсы освобождены
2025-04-24 13:38:40,137 - INFO - Повторная попытка подключения через 1 секунду...
2025-04-24 13:38:41,137 - ERROR - Ошибка: Не удалось открыть входной поток GStreamer
2025-04-24 13:38:41,137 - WARNING - Не удалось инициализировать потоки. Повторная попытка через 1 секунду...
2025-04-24 13:38:42,137 - INFO - Освобождение ресурсов...
2025-04-24 13:38:42,138 - INFO - Ресурсы освобождены
2025-04-24 13:38:42,138 - INFO - Повторная попытка подключения через 1 секунду...
2025-04-24 13:38:43,139 - ERROR - Ошибка: Не удалось открыть входной поток GStreamer
2025-04-24 13:38:43,139 - WARNING - Не удалось инициализировать потоки. Повторная попытка через 1 секунду...
2025-04-24 13:38:44,140 - INFO - Освобождение ресурсов...
2025-04-24 13:38:44,140 - INFO - Ресурсы освобождены
2025-04-24 13:38:44,140 - INFO - Повторная попытка подключения через 1 секунду...
2025-04-24 13:38:45,140 - ERROR - Ошибка: Не удалось открыть входной поток GStreamer
2025-04-24 13:38:45,140 - WARNING - Не удалось инициализировать потоки. Повторная попытка через 1 секунду...
2025-04-24 13:38:46,141 - INFO - Освобождение ресурсов...
2025-04-24 13:38:46,141 - INFO - Ресурсы освобождены
2025-04-24 13:38:46,141 - INFO - Повторная попытка подключения через 1 секунду...
2025-04-24 13:38:47,141 - ERROR - Ошибка: Не удалось открыть входной поток GStreamer
2025-04-24 13:38:47,150 - WARNING - Не удалось инициализировать потоки. Повторная попытка через 1 секунду...
2025-04-24 13:38:48,150 - INFO - Освобождение ресурсов...
2025-04-24 13:38:48,151 - INFO - Ресурсы освобождены
2025-04-24 13:38:48,151 - INFO - Повторная попытка подключения через 1 секунду...
2025-04-24 13:38:49,151 - ERROR - Ошибка: Не удалось открыть входной поток GStreamer
2025-04-24 13:38:49,151 - WARNING - Не удалось инициализировать потоки. Повторная попытка через 1 секунду...
2025-04-24 13:38:50,151 - INFO - Освобождение ресурсов...
2025-04-24 13:38:50,152 - INFO - Ресурсы освобождены
2025-04-24 13:38:50,152 - INFO - Повторная попытка подключения через 1 секунду...
2025-04-24 13:38:51,152 - ERROR - Ошибка: Не удалось открыть входной поток GStreamer
2025-04-24 13:38:51,152 - WARNING - Не удалось инициализировать потоки. Повторная попытка через 1 секунду...
2025-04-24 13:38:52,153 - INFO - Освобождение ресурсов...
2025-04-24 13:38:52,153 - INFO - Ресурсы освобождены
2025-04-24 13:38:52,153 - INFO - Повторная попытка подключения через 1 секунду...
2025-04-24 13:38:53,153 - ERROR - Ошибка: Не удалось открыть входной поток GStreamer
2025-04-24 13:38:53,153 - WARNING - Не удалось инициализировать потоки. Повторная попытка через 1 секунду...
2025-04-24 13:38:54,154 - INFO - Освобождение ресурсов...
2025-04-24 13:38:54,154 - INFO - Ресурсы освобождены
2025-04-24 13:38:54,154 - INFO - Повторная попытка подключения через 1 секунду...
2025-04-24 13:38:55,154 - ERROR - Ошибка: Не удалось открыть входной поток GStreamer
2025-04-24 13:38:55,154 - WARNING - Не удалось инициализировать потоки. Повторная попытка через 1 секунду...
2025-04-24 13:38:56,154 - INFO - Освобождение ресурсов...
2025-04-24 13:38:56,155 - INFO - Ресурсы освобождены
2025-04-24 13:38:56,155 - INFO - Повторная попытка подключения через 1 секунду...
2025-04-24 13:38:57,155 - ERROR - Ошибка: Не удалось открыть входной поток GStreamer
2025-04-24 13:38:57,155 - WARNING - Не удалось инициализировать потоки. Повторная попытка через 1 секунду...
2025-04-24 13:38:58,156 - INFO - Освобождение ресурсов...
2025-04-24 13:38:58,156 - INFO - Ресурсы освобождены
2025-04-24 13:38:58,156 - INFO - Повторная попытка подключения через 1 секунду...
2025-04-24 13:38:59,156 - ERROR - Ошибка: Не удалось открыть входной поток GStreamer
2025-04-24 13:38:59,157 - WARNING - Не удалось инициализировать потоки. Повторная попытка через 1 секунду...
2025-04-24 13:39:00,157 - INFO - Освобождение ресурсов...
2025-04-24 13:39:00,157 - INFO - Ресурсы освобождены
2025-04-24 13:39:00,158 - INFO - Повторная попытка подключения через 1 секунду...
2025-04-24 13:39:01,158 - ERROR - Ошибка: Не удалось открыть входной поток GStreamer
2025-04-24 13:39:01,158 - WARNING - Не удалось инициализировать потоки. Повторная попытка через 1 секунду...
2025-04-24 13:39:02,159 - INFO - Освобождение ресурсов...
2025-04-24 13:39:02,159 - INFO - Ресурсы освобождены
2025-04-24 13:39:02,159 - INFO - Повторная попытка подключения через 1 секунду...
2025-04-24 13:39:03,159 - ERROR - Ошибка: Не удалось открыть входной поток GStreamer
2025-04-24 13:39:03,159 - WARNING - Не удалось инициализировать потоки. Повторная попытка через 1 секунду...
2025-04-24 13:39:04,160 - INFO - Освобождение ресурсов...
2025-04-24 13:39:04,160 - INFO - Ресурсы освобождены
2025-04-24 13:39:04,160 - INFO - Повторная попытка подключения через 1 секунду...
2025-04-24 13:39:05,161 - ERROR - Ошибка: Не удалось открыть входной поток GStreamer
2025-04-24 13:39:05,161 - WARNING - Не удалось инициализировать потоки. Повторная попытка через 1 секунду...
2025-04-24 13:39:06,161 - INFO - Освобождение ресурсов...
2025-04-24 13:39:06,161 - INFO - Ресурсы освобождены
2025-04-24 13:39:06,161 - INFO - Повторная попытка подключения через 1 секунду...
2025-04-24 13:39:07,161 - ERROR - Ошибка: Не удалось открыть входной поток GStreamer
2025-04-24 13:39:07,161 - WARNING - Не удалось инициализировать потоки. Повторная попытка через 1 секунду...
2025-04-24 13:39:08,162 - INFO - Освобождение ресурсов...
2025-04-24 13:39:08,162 - INFO - Ресурсы освобождены
2025-04-24 13:39:08,162 - INFO - Повторная попытка подключения через 1 секунду...
2025-04-24 13:39:09,162 - ERROR - Ошибка: Не удалось открыть входной поток GStreamer
2025-04-24 13:39:09,162 - WARNING - Не удалось инициализировать потоки. Повторная попытка через 1 секунду...
2025-04-24 13:39:10,163 - INFO - Освобождение ресурсов...
2025-04-24 13:39:10,163 - INFO - Ресурсы освобождены
2025-04-24 13:39:10,163 - INFO - Повторная попытка подключения через 1 секунду...
2025-04-24 13:39:11,163 - ERROR - Ошибка: Не удалось открыть входной поток GStreamer
2025-04-24 13:39:11,163 - WARNING - Не удалось инициализировать потоки. Повторная попытка через 1 секунду...
2025-04-24 13:39:12,164 - INFO - Освобождение ресурсов...
2025-04-24 13:39:12,164 - INFO - Ресурсы освобождены
2025-04-24 13:39:12,164 - INFO - Повторная попытка подключения через 1 секунду...
2025-04-24 13:39:13,164 - ERROR - Ошибка: Не удалось открыть входной поток GStreamer
2025-04-24 13:39:13,164 - WARNING - Не удалось инициализировать потоки. Повторная попытка через 1 секунду...
2025-04-24 13:39:14,164 - INFO - Освобождение ресурсов...
2025-04-24 13:39:14,164 - INFO - Ресурсы освобождены
2025-04-24 13:39:14,165 - INFO - Повторная попытка подключения через 1 секунду...
2025-04-24 13:39:15,165 - ERROR - Ошибка: Не удалось открыть входной поток GStreamer
2025-04-24 13:39:15,165 - WARNING - Не удалось инициализировать потоки. Повторная попытка через 1 секунду...
2025-04-24 13:39:16,165 - INFO - Освобождение ресурсов...
2025-04-24 13:39:16,165 - INFO - Ресурсы освобождены
2025-04-24 13:39:16,165 - INFO - Повторная попытка подключения через 1 секунду...
2025-04-24 13:39:17,166 - ERROR - Ошибка: Не удалось открыть входной поток GStreamer
2025-04-24 13:39:17,166 - WARNING - Не удалось инициализировать потоки. Повторная попытка через 1 секунду...
2025-04-24 13:39:18,166 - INFO - Освобождение ресурсов...
2025-04-24 13:39:18,166 - INFO - Ресурсы освобождены
2025-04-24 13:39:18,166 - INFO - Повторная попытка подключения через 1 секунду...
2025-04-24 13:39:19,166 - ERROR - Ошибка: Не удалось открыть входной поток GStreamer
2025-04-24 13:39:19,166 - WARNING - Не удалось инициализировать потоки. Повторная попытка через 1 секунду...
2025-04-24 13:39:20,167 - INFO - Освобождение ресурсов...
2025-04-24 13:39:20,167 - INFO - Ресурсы освобождены
2025-04-24 13:39:20,167 - INFO - Повторная попытка подключения через 1 секунду...
2025-04-24 13:39:21,167 - ERROR - Ошибка: Не удалось открыть входной поток GStreamer
2025-04-24 13:39:21,168 - WARNING - Не удалось инициализировать потоки. Повторная попытка через 1 секунду...
2025-04-24 13:39:22,168 - INFO - Освобождение ресурсов...
2025-04-24 13:39:22,168 - INFO - Ресурсы освобождены
2025-04-24 13:39:22,168 - INFO - Повторная попытка подключения через 1 секунду...
2025-04-24 13:39:23,169 - ERROR - Ошибка: Не удалось открыть входной поток GStreamer
2025-04-24 13:39:23,169 - WARNING - Не удалось инициализировать потоки. Повторная попытка через 1 секунду...
2025-04-24 13:39:24,170 - INFO - Освобождение ресурсов...
2025-04-24 13:39:24,170 - INFO - Ресурсы освобождены
2025-04-24 13:39:24,171 - INFO - Повторная попытка подключения через 1 секунду...
2025-04-24 13:39:25,171 - ERROR - Ошибка: Не удалось открыть входной поток GStreamer
2025-04-24 13:39:25,172 - WARNING - Не удалось инициализировать потоки. Повторная попытка через 1 секунду...
2025-04-24 13:39:26,172 - INFO - Освобождение ресурсов...
2025-04-24 13:39:26,173 - INFO - Ресурсы освобождены
2025-04-24 13:39:26,173 - INFO - Повторная попытка подключения через 1 секунду...
2025-04-24 13:39:27,174 - ERROR - Ошибка: Не удалось открыть входной поток GStreamer
2025-04-24 13:39:27,174 - WARNING - Не удалось инициализировать потоки. Повторная попытка через 1 секунду...
2025-04-24 13:39:28,175 - INFO - Освобождение ресурсов...
2025-04-24 13:39:28,175 - INFO - Ресурсы освобождены
2025-04-24 13:39:28,176 - INFO - Повторная попытка подключения через 1 секунду...
2025-04-24 13:39:29,176 - ERROR - Ошибка: Не удалось открыть входной поток GStreamer
2025-04-24 13:39:29,176 - WARNING - Не удалось инициализировать потоки. Повторная попытка через 1 секунду...
2025-04-24 13:39:30,177 - INFO - Освобождение ресурсов...
2025-04-24 13:39:30,177 - INFO - Ресурсы освобождены
2025-04-24 13:39:30,178 - INFO - Повторная попытка подключения через 1 секунду...
2025-04-24 13:39:31,178 - ERROR - Ошибка: Не удалось открыть входной поток GStreamer
2025-04-24 13:39:31,179 - WARNING - Не удалось инициализировать потоки. Повторная попытка через 1 секунду...
2025-04-24 13:39:32,180 - INFO - Освобождение ресурсов...
2025-04-24 13:39:32,180 - INFO - Ресурсы освобождены
2025-04-24 13:39:32,181 - INFO - Повторная попытка подключения через 1 секунду...
2025-04-24 13:39:33,181 - ERROR - Ошибка: Не удалось открыть входной поток GStreamer
2025-04-24 13:39:33,181 - WARNING - Не удалось инициализировать потоки. Повторная попытка через 1 секунду...
2025-04-24 13:39:34,181 - INFO - Освобождение ресурсов...
2025-04-24 13:39:34,182 - INFO - Ресурсы освобождены
2025-04-24 13:39:34,182 - INFO - Повторная попытка подключения через 1 секунду...
2025-04-24 13:39:35,183 - ERROR - Ошибка: Не удалось открыть входной поток GStreamer
2025-04-24 13:39:35,183 - WARNING - Не удалось инициализировать потоки. Повторная попытка через 1 секунду...
2025-04-24 13:39:36,183 - INFO - Освобождение ресурсов...
2025-04-24 13:39:36,184 - INFO - Ресурсы освобождены
2025-04-24 13:39:36,184 - INFO - Повторная попытка подключения через 1 секунду...
2025-04-24 13:39:37,185 - ERROR - Ошибка: Не удалось открыть входной поток GStreamer
2025-04-24 13:39:37,185 - WARNING - Не удалось инициализировать потоки. Повторная попытка через 1 секунду...
2025-04-24 13:39:38,185 - INFO - Освобождение ресурсов...
2025-04-24 13:39:38,186 - INFO - Ресурсы освобождены
2025-04-24 13:39:38,187 - INFO - Повторная попытка подключения через 1 секунду...
2025-04-24 13:39:39,187 - ERROR - Ошибка: Не удалось открыть входной поток GStreamer
2025-04-24 13:39:39,187 - WARNING - Не удалось инициализировать потоки. Повторная попытка через 1 секунду...
2025-04-24 13:39:40,188 - INFO - Освобождение ресурсов...
2025-04-24 13:39:40,188 - INFO - Ресурсы освобождены
2025-04-24 13:39:40,189 - INFO - Повторная попытка подключения через 1 секунду...
2025-04-24 13:39:41,189 - ERROR - Ошибка: Не удалось открыть входной поток GStreamer
2025-04-24 13:39:41,189 - WARNING - Не удалось инициализировать потоки. Повторная попытка через 1 секунду...
2025-04-24 13:39:42,190 - INFO - Освобождение ресурсов...
2025-04-24 13:39:42,190 - INFO - Ресурсы освобождены
2025-04-24 13:39:42,191 - INFO - Повторная попытка подключения через 1 секунду...
2025-04-24 13:39:43,191 - ERROR - Ошибка: Не удалось открыть входной поток GStreamer
2025-04-24 13:39:43,192 - WARNING - Не удалось инициализировать потоки. Повторная попытка через 1 секунду...
2025-04-24 13:39:44,192 - INFO - Освобождение ресурсов...
2025-04-24 13:39:44,192 - INFO - Ресурсы освобождены
2025-04-24 13:39:44,193 - INFO - Повторная попытка подключения через 1 секунду...
2025-04-24 13:39:45,193 - ERROR - Ошибка: Не удалось открыть входной поток GStreamer
2025-04-24 13:39:45,193 - WARNING - Не удалось инициализировать потоки. Повторная попытка через 1 секунду...
2025-04-24 13:39:46,194 - INFO - Освобождение ресурсов...
2025-04-24 13:39:46,194 - INFO - Ресурсы освобождены
2025-04-24 13:39:46,194 - INFO - Повторная попытка подключения через 1 секунду...
2025-04-24 13:39:47,195 - ERROR - Ошибка: Не удалось открыть входной поток GStreamer
2025-04-24 13:39:47,195 - WARNING - Не удалось инициализировать потоки. Повторная попытка через 1 секунду...
2025-04-24 13:39:48,195 - INFO - Освобождение ресурсов...
2025-04-24 13:39:48,196 - INFO - Ресурсы освобождены
2025-04-24 13:39:48,196 - INFO - Повторная попытка подключения через 1 секунду...
2025-04-24 13:39:49,196 - ERROR - Ошибка: Не удалось открыть входной поток GStreamer
2025-04-24 13:39:49,196 - WARNING - Не удалось инициализировать потоки. Повторная попытка через 1 секунду...
2025-04-24 13:39:50,196 - INFO - Освобождение ресурсов...
2025-04-24 13:39:50,196 - INFO - Ресурсы освобождены
2025-04-24 13:39:50,196 - INFO - Повторная попытка подключения через 1 секунду...
2025-04-24 13:39:51,197 - ERROR - Ошибка: Не удалось открыть входной поток GStreamer
2025-04-24 13:39:51,197 - WARNING - Не удалось инициализировать потоки. Повторная попытка через 1 секунду...
2025-04-24 13:39:52,197 - INFO - Освобождение ресурсов...
2025-04-24 13:39:52,198 - INFO - Ресурсы освобождены
2025-04-24 13:39:52,198 - INFO - Повторная попытка подключения через 1 секунду...
2025-04-24 13:39:53,199 - ERROR - Ошибка: Не удалось открыть входной поток GStreamer
2025-04-24 13:39:53,199 - WARNING - Не удалось инициализировать потоки. Повторная попытка через 1 секунду...
2025-04-24 13:39:54,199 - INFO - Освобождение ресурсов...
2025-04-24 13:39:54,200 - INFO - Ресурсы освобождены
2025-04-24 13:39:54,244 - INFO - Повторная попытка подключения через 1 секунду...
2025-04-24 13:39:55,244 - ERROR - Ошибка: Не удалось открыть входной поток GStreamer
2025-04-24 13:39:55,244 - WARNING - Не удалось инициализировать потоки. Повторная попытка через 1 секунду...
2025-04-24 13:39:56,245 - INFO - Освобождение ресурсов...
2025-04-24 13:39:56,245 - INFO - Ресурсы освобождены
2025-04-24 13:39:56,246 - INFO - Повторная попытка подключения через 1 секунду...
2025-04-24 13:39:57,246 - ERROR - Ошибка: Не удалось открыть входной поток GStreamer
2025-04-24 13:39:57,246 - WARNING - Не удалось инициализировать потоки. Повторная попытка через 1 секунду...
2025-04-24 13:39:58,247 - INFO - Освобождение ресурсов...
2025-04-24 13:39:58,247 - INFO - Ресурсы освобождены
2025-04-24 13:39:58,247 - INFO - Повторная попытка подключения через 1 секунду...
2025-04-24 13:39:59,247 - ERROR - Ошибка: Не удалось открыть входной поток GStreamer
2025-04-24 13:39:59,248 - WARNING - Не удалось инициализировать потоки. Повторная попытка через 1 секунду...
2025-04-24 13:40:00,250 - INFO - Освобождение ресурсов...
2025-04-24 13:40:00,250 - INFO - Ресурсы освобождены
2025-04-24 13:40:00,251 - INFO - Повторная попытка подключения через 1 секунду...
2025-04-24 13:40:01,251 - ERROR - Ошибка: Не удалось открыть входной поток GStreamer
2025-04-24 13:40:01,251 - WARNING - Не удалось инициализировать потоки. Повторная попытка через 1 секунду...
2025-04-24 13:40:02,251 - INFO - Освобождение ресурсов...
2025-04-24 13:40:02,251 - INFO - Ресурсы освобождены
2025-04-24 13:40:02,251 - INFO - Повторная попытка подключения через 1 секунду...
2025-04-24 13:40:03,252 - ERROR - Ошибка: Не удалось открыть входной поток GStreamer
2025-04-24 13:40:03,252 - WARNING - Не удалось инициализировать потоки. Повторная попытка через 1 секунду...
2025-04-24 13:40:04,252 - INFO - Освобождение ресурсов...
2025-04-24 13:40:04,252 - INFO - Ресурсы освобождены
2025-04-24 13:40:04,252 - INFO - Повторная попытка подключения через 1 секунду...
2025-04-24 13:40:05,253 - ERROR - Ошибка: Не удалось открыть входной поток GStreamer
2025-04-24 13:40:05,253 - WARNING - Не удалось инициализировать потоки. Повторная попытка через 1 секунду...
2025-04-24 13:40:06,253 - INFO - Освобождение ресурсов...
2025-04-24 13:40:06,253 - INFO - Ресурсы освобождены
2025-04-24 13:40:06,254 - INFO - Повторная попытка подключения через 1 секунду...
2025-04-24 13:40:07,255 - ERROR - Ошибка: Не удалось открыть входной поток GStreamer
2025-04-24 13:40:07,255 - WARNING - Не удалось инициализировать потоки. Повторная попытка через 1 секунду...
2025-04-24 13:40:08,255 - INFO - Освобождение ресурсов...
2025-04-24 13:40:08,255 - INFO - Ресурсы освобождены
2025-04-24 13:40:08,255 - INFO - Повторная попытка подключения через 1 секунду...
2025-04-24 13:40:09,255 - ERROR - Ошибка: Не удалось открыть входной поток GStreamer
2025-04-24 13:40:09,256 - WARNING - Не удалось инициализировать потоки. Повторная попытка через 1 секунду...
2025-04-24 13:40:10,256 - INFO - Освобождение ресурсов...
2025-04-24 13:40:10,257 - INFO - Ресурсы освобождены
2025-04-24 13:40:10,257 - INFO - Повторная попытка подключения через 1 секунду...
2025-04-24 13:40:11,257 - ERROR - Ошибка: Не удалось открыть входной поток GStreamer
2025-04-24 13:40:11,257 - WARNING - Не удалось инициализировать потоки. Повторная попытка через 1 секунду...
2025-04-24 13:40:12,257 - INFO - Освобождение ресурсов...
2025-04-24 13:40:12,258 - INFO - Ресурсы освобождены
2025-04-24 13:40:12,258 - INFO - Повторная попытка подключения через 1 секунду...
2025-04-24 13:40:13,258 - ERROR - Ошибка: Не удалось открыть входной поток GStreamer
2025-04-24 13:40:13,258 - WARNING - Не удалось инициализировать потоки. Повторная попытка через 1 секунду...
2025-04-24 13:40:14,258 - INFO - Освобождение ресурсов...
2025-04-24 13:40:14,259 - INFO - Ресурсы освобождены
2025-04-24 13:40:14,259 - INFO - Повторная попытка подключения через 1 секунду...
2025-04-24 13:40:15,259 - ERROR - Ошибка: Не удалось открыть входной поток GStreamer
2025-04-24 13:40:15,259 - WARNING - Не удалось инициализировать потоки. Повторная попытка через 1 секунду...
2025-04-24 13:40:16,226 - INFO - Получен сигнал завершения программы
2025-04-24 13:40:16,260 - INFO - Освобождение ресурсов...
2025-04-24 13:40:16,260 - INFO - Ресурсы освобождены
2025-04-24 13:40:16,260 - INFO - Освобождение ресурсов...
2025-04-24 13:40:16,261 - INFO - Ресурсы освобождены
